<?xml version="1.0" encoding="UTF-8"?>
<!-- Generated by org.testng.reporters.JUnitReportReporter -->
<testsuite hostname="RealSoldier" failures="0" tests="2" name="com.nhatanh.test01.ClickDocTest" time="13.041" errors="0" timestamp="2022-08-10T16:56:18 MESZ" skipped="0">
  <testcase classname="com.nhatanh.test01.ClickDocTest" name="userAnmelden" time="7.943"/>
  <system-out/>
  <testcase classname="com.nhatanh.test01.ClickDocTest" name="count_E_Rezepte" time="5.098"/>
  <system-out/>
</testsuite> <!-- com.nhatanh.test01.ClickDocTest -->
