<?xml version="1.0" encoding="UTF-8"?>
<!-- Generated by org.testng.reporters.JUnitReportReporter -->
<testsuite hostname="RealSoldier" failures="0" tests="2" name="com.nhatanh.test01.ClickDocRegisterung" time="13.012" errors="0" timestamp="2022-08-10T16:21:48 MESZ" skipped="0">
  <testcase classname="com.nhatanh.test01.ClickDocRegisterung" name="userAnmelden" time="7.906"/>
  <system-out/>
  <testcase classname="com.nhatanh.test01.ClickDocRegisterung" name="count_E_Rezepte" time="5.106"/>
  <system-out/>
</testsuite> <!-- com.nhatanh.test01.ClickDocRegisterung -->
